#
# There is insufficient memory for the Java Runtime Environment to continue.
# Native memory allocation (mmap) failed to map 121634816 bytes for G1 virtual space
# Possible reasons:
#   The system is out of physical RAM or swap space
#   The process is running with CompressedOops enabled, and the Java Heap may be blocking the growth of the native heap
# Possible solutions:
#   Reduce memory load on the system
#   Increase physical memory or swap space
#   Check if swap backing store is full
#   Decrease Java heap size (-Xmx/-Xms)
#   Decrease number of Java threads
#   Decrease Java thread stack sizes (-Xss)
#   Set larger code cache with -XX:ReservedCodeCacheSize=
#   JVM is running with Unscaled Compressed Oops mode in which the Java heap is
#     placed in the first 4GB address space. The Java Heap base address is the
#     maximum limit for the native heap growth. Please use -XX:HeapBaseMinAddress
#     to set the Java Heap base and to place the Java Heap above 4GB virtual address.
# This output file may be truncated or incomplete.
#
#  Out of Memory Error (os_windows.cpp:3548), pid=14884, tid=18536
#
# JRE version:  (17.0.12+8) (build )
# Java VM: Java HotSpot(TM) 64-Bit Server VM (17.0.12+8-LTS-286, mixed mode, sharing, tiered, compressed oops, compressed class ptrs, g1 gc, windows-amd64)
# No core dump will be written. Minidumps are not enabled by default on client versions of Windows
#

---------------  S U M M A R Y ------------

Command Line: -XX:+ShowCodeDetailsInExceptionMessages App

Host: Intel(R) Core(TM) i7-5500U CPU @ 2.40GHz, 4 cores, 7G,  Windows 10 , 64 bit Build 19041 (10.0.19041.3636)
Time: Tue Feb  4 14:32:01 2025 Hora oficial do Brasil elapsed time: 0.038614 seconds (0d 0h 0m 0s)

---------------  T H R E A D  ---------------

Current thread (0x000001395a9a2d00):  JavaThread "Unknown thread" [_thread_in_vm, id=18536, stack(0x0000002968e00000,0x0000002968f00000)]

Stack: [0x0000002968e00000,0x0000002968f00000]
Native frames: (J=compiled Java code, j=interpreted, Vv=VM code, C=native code)
V  [jvm.dll+0x67a04a]
V  [jvm.dll+0x7da4ed]
V  [jvm.dll+0x7dbe33]
V  [jvm.dll+0x7dc4a3]
V  [jvm.dll+0x24508f]
V  [jvm.dll+0x677089]
V  [jvm.dll+0x66bd32]
V  [jvm.dll+0x301fa6]
V  [jvm.dll+0x309546]
V  [jvm.dll+0x359d2e]
V  [jvm.dll+0x359f5f]
V  [jvm.dll+0x2d9078]
V  [jvm.dll+0x2d9fe4]
V  [jvm.dll+0x7aca21]
V  [jvm.dll+0x367591]
V  [jvm.dll+0x78b999]
V  [jvm.dll+0x3ec83f]
V  [jvm.dll+0x3ee471]
C  [jli.dll+0x5297]
C  [ucrtbase.dll+0x21bb2]
C  [KERNEL32.DLL+0x17344]
C  [ntdll.dll+0x526b1]


---------------  P R O C E S S  ---------------

Threads class SMR info:
_java_thread_list=0x00007ffebb2f7a18, length=0, elements={
}

Java Threads: ( => current thread )

Other Threads:
  0x000001395a9f74e0 GCTaskThread "GC Thread#0" [stack: 0x0000002968f00000,0x0000002969000000] [id=10428]
  0x000001395aa06900 ConcurrentGCThread "G1 Main Marker" [stack: 0x0000002969000000,0x0000002969100000] [id=11048]
  0x000001395aa099e0 ConcurrentGCThread "G1 Conc#0" [stack: 0x0000002969100000,0x0000002969200000] [id=13400]

[error occurred during error reporting (printing all threads), id 0xc0000005, EXCEPTION_ACCESS_VIOLATION (0xc0000005) at pc=0x00007ffebab29b67]

VM state: not at safepoint (not fully initialized)

VM Mutex/Monitor currently owned by a thread:  ([mutex/lock_event])
[0x000001395a99ee50] Heap_lock - owner thread: 0x000001395a9a2d00

Heap address: 0x000000008d200000, size: 1838 MB, Compressed Oops mode: 32-bit

CDS archive(s) mapped at: [0x0000000000000000-0x0000000000000000-0x0000000000000000), size 0, SharedBaseAddress: 0x0000000800000000, ArchiveRelocationMode: 1.
Narrow klass base: 0x0000000000000000, Narrow klass shift: 0, Narrow klass range: 0x0

GC Precious Log:
<Empty>

Heap:
 garbage-first heap   total 0K, used 0K [0x000000008d200000, 0x0000000100000000)
  region size 1024K, 0 young (0K), 0 survivors (0K)

[error occurred during error reporting (printing heap information), id 0xc0000005, EXCEPTION_ACCESS_VIOLATION (0xc0000005) at pc=0x00007ffebaf13859]

GC Heap History (0 events):
No events

Deoptimization events (0 events):
No events

Classes unloaded (0 events):
No events

Classes redefined (0 events):
No events

Internal exceptions (0 events):
No events

VM Operations (0 events):
No events

Events (1 events):
Event: 0.026 Loaded shared library C:\Program Files\Java\jdk-17\bin\java.dll


Dynamic libraries:
0x00007ff6335e0000 - 0x00007ff6335f0000 	C:\Program Files\Java\jdk-17\bin\java.exe
0x00007fff11f30000 - 0x00007fff12128000 	C:\Windows\SYSTEM32\ntdll.dll
0x00007fff11350000 - 0x00007fff1140d000 	C:\Windows\System32\KERNEL32.DLL
0x00007fff0fbb0000 - 0x00007fff0fea6000 	C:\Windows\System32\KERNELBASE.dll
0x00007fff0f9b0000 - 0x00007fff0fab0000 	C:\Windows\System32\ucrtbase.dll
0x00007ffefc5f0000 - 0x00007ffefc60b000 	C:\Program Files\Java\jdk-17\bin\VCRUNTIME140.dll
0x00007ffefc140000 - 0x00007ffefc159000 	C:\Program Files\Java\jdk-17\bin\jli.dll
0x00007fff11c20000 - 0x00007fff11ccf000 	C:\Windows\System32\ADVAPI32.dll
0x00007fff10540000 - 0x00007fff105de000 	C:\Windows\System32\msvcrt.dll
0x00007fff11e50000 - 0x00007fff11eec000 	C:\Windows\System32\sechost.dll
0x00007fff10e90000 - 0x00007fff10fb6000 	C:\Windows\System32\RPCRT4.dll
0x00007fff11a80000 - 0x00007fff11c1e000 	C:\Windows\System32\USER32.dll
0x00007fff0fb50000 - 0x00007fff0fb72000 	C:\Windows\System32\win32u.dll
0x00007fff04a60000 - 0x00007fff04cfa000 	C:\Windows\WinSxS\amd64_microsoft.windows.common-controls_6595b64144ccf1df_6.0.19041.3636_none_60b6a03d71f818d5\COMCTL32.dll
0x00007fff10e60000 - 0x00007fff10e8c000 	C:\Windows\System32\GDI32.dll
0x00007fff0f890000 - 0x00007fff0f9aa000 	C:\Windows\System32\gdi32full.dll
0x00007fff0fab0000 - 0x00007fff0fb4d000 	C:\Windows\System32\msvcp_win.dll
0x00007fff055b0000 - 0x00007fff055ba000 	C:\Windows\SYSTEM32\VERSION.dll
0x00007fff11910000 - 0x00007fff11940000 	C:\Windows\System32\IMM32.DLL
0x00000139588c0000 - 0x00000139588d6000 	C:\Windows\System32\umppc19011.dll
0x00007fff0ab30000 - 0x00007fff0ab3c000 	C:\Program Files\Java\jdk-17\bin\vcruntime140_1.dll
0x00007ffee34d0000 - 0x00007ffee355e000 	C:\Program Files\Java\jdk-17\bin\msvcp140.dll
0x00007ffeba840000 - 0x00007ffebb420000 	C:\Program Files\Java\jdk-17\bin\server\jvm.dll
0x00007fff11420000 - 0x00007fff11428000 	C:\Windows\System32\PSAPI.DLL
0x00007fff06c40000 - 0x00007fff06c49000 	C:\Windows\SYSTEM32\WSOCK32.dll
0x00007fff11050000 - 0x00007fff110bb000 	C:\Windows\System32\WS2_32.dll
0x00007fff04e30000 - 0x00007fff04e57000 	C:\Windows\SYSTEM32\WINMM.dll
0x00007fff0d430000 - 0x00007fff0d442000 	C:\Windows\SYSTEM32\kernel.appcore.dll
0x00007fff0aa40000 - 0x00007fff0aa4a000 	C:\Program Files\Java\jdk-17\bin\jimage.dll
0x00007ffefcae0000 - 0x00007ffefccc4000 	C:\Windows\SYSTEM32\DBGHELP.DLL
0x00007ffefb850000 - 0x00007ffefb884000 	C:\Windows\SYSTEM32\dbgcore.DLL
0x00007fff0feb0000 - 0x00007fff0ff32000 	C:\Windows\System32\bcryptPrimitives.dll
0x00007ffef5d00000 - 0x00007ffef5d25000 	C:\Program Files\Java\jdk-17\bin\java.dll

dbghelp: loaded successfully - version: 4.0.5 - missing functions: none
symbol engine: initialized successfully - sym options: 0x614 - pdb path: .;C:\Program Files\Java\jdk-17\bin;C:\Windows\SYSTEM32;C:\Windows\WinSxS\amd64_microsoft.windows.common-controls_6595b64144ccf1df_6.0.19041.3636_none_60b6a03d71f818d5;C:\Program Files\Java\jdk-17\bin\server

VM Arguments:
jvm_args: -XX:+ShowCodeDetailsInExceptionMessages 
java_command: App
java_class_path (initial): C:\Users\jose.silva\AppData\Roaming\Code\User\workspaceStorage\341e2f6874ee233aaead2f300b331cd2\redhat.java\jdt_ws\jose-grb_b5e7057a\bin
Launcher Type: SUN_STANDARD

[Global flags]
     intx CICompilerCount                          = 3                                         {product} {ergonomic}
     uint ConcGCThreads                            = 1                                         {product} {ergonomic}
     uint G1ConcRefinementThreads                  = 4                                         {product} {ergonomic}
   size_t G1HeapRegionSize                         = 1048576                                   {product} {ergonomic}
    uintx GCDrainStackTargetSize                   = 64                                        {product} {ergonomic}
   size_t InitialHeapSize                          = 121634816                                 {product} {ergonomic}
   size_t MarkStackSize                            = 4194304                                   {product} {ergonomic}
   size_t MaxHeapSize                              = 1927282688                                {product} {ergonomic}
   size_t MinHeapDeltaBytes                        = 1048576                                   {product} {ergonomic}
   size_t MinHeapSize                              = 8388608                                   {product} {ergonomic}
    uintx NonNMethodCodeHeapSize                   = 5832780                                {pd product} {ergonomic}
    uintx NonProfiledCodeHeapSize                  = 122912730                              {pd product} {ergonomic}
    uintx ProfiledCodeHeapSize                     = 122912730                              {pd product} {ergonomic}
    uintx ReservedCodeCacheSize                    = 251658240                              {pd product} {ergonomic}
     bool SegmentedCodeCache                       = true                                      {product} {ergonomic}
     bool ShowCodeDetailsInExceptionMessages       = true                                   {manageable} {command line}
   size_t SoftMaxHeapSize                          = 1927282688                             {manageable} {ergonomic}
     bool UseCompressedClassPointers               = true                           {product lp64_product} {ergonomic}
     bool UseCompressedOops                        = true                           {product lp64_product} {ergonomic}
     bool UseG1GC                                  = true                                      {product} {ergonomic}
     bool UseLargePagesIndividualAllocation        = false                                  {pd product} {ergonomic}

Logging:
Log output configuration:
 #0: stdout all=warning uptime,level,tags
 #1: stderr all=off uptime,level,tags

Environment Variables:
PATH=C:\Program Files\Common Files\Oracle\Java\javapath;C:\Windows\system32;C:\Windows;C:\Windows\System32\Wbem;C:\Windows\System32\WindowsPowerShell\v1.0\;C:\Windows\System32\OpenSSH\;C:\Program Files (x86)\Windows Kits\10\Windows Performance Toolkit\;C:\Program Files\Microsoft SQL Server\150\Tools\Binn\;C:\Program Files\Microsoft SQL Server\Client SDK\ODBC\170\Tools\Binn\;C:\Program Files\dotnet\;C:\Program Files\Git\cmd;C:\Program Files\Docker\Docker\resources\bin;C:\Users\jose.silva\AppData\Local\Microsoft\WindowsApps;C:\Users\jose.silva\AppData\Local\Programs\Microsoft VS Code\bin
USERNAME=jose.silva
LANG=en_US.UTF-8
OS=Windows_NT
PROCESSOR_IDENTIFIER=Intel64 Family 6 Model 61 Stepping 4, GenuineIntel



---------------  S Y S T E M  ---------------

OS:
 Windows 10 , 64 bit Build 19041 (10.0.19041.3636)
OS uptime: 6 days 20:24 hours
Hyper-V role detected

CPU: total 4 (initial active 4) (2 cores per cpu, 2 threads per core) family 6 model 61 stepping 4 microcode 0x2d, cx8, cmov, fxsr, ht, mmx, 3dnowpref, sse, sse2, sse3, ssse3, sse4.1, sse4.2, popcnt, lzcnt, tsc, tscinvbit, avx, avx2, aes, erms, clmul, bmi1, bmi2, adx, fma, vzeroupper, clflush, hv

Memory: 4k page, system-wide physical 7351M (365M free)
TotalPageFile size 29879M (AvailPageFile size 65M)
current process WorkingSet (physical memory assigned to process): 10M, peak: 10M
current process commit charge ("private bytes"): 51M, peak: 167M

vm_info: Java HotSpot(TM) 64-Bit Server VM (17.0.12+8-LTS-286) for windows-amd64 JRE (17.0.12+8-LTS-286), built on Jun  5 2024 06:46:59 by "mach5one" with MS VC++ 17.6 (VS2022)

END.
